[INFO  - 2016-11-15T07:19:33.201Z] GhostDriver - Main - running on port 55506
[INFO  - 2016-11-15T07:19:33.242Z] Session [db360160-ab03-11e6-b72f-03b4c72d3c28] - page.settings - {"XSSAuditingEnabled":false,"javascriptCanCloseWindows":true,"javascriptCanOpenWindows":true,"javascriptEnabled":true,"loadImages":true,"localToRemoteUrlAccessEnabled":false,"userAgent":"Mozilla/5.0 (Macintosh; Intel Mac OS X) AppleWebKit/538.1 (KHTML, like Gecko) PhantomJS/2.1.1 Safari/538.1","webSecurityEnabled":true}
[INFO  - 2016-11-15T07:19:33.242Z] Session [db360160-ab03-11e6-b72f-03b4c72d3c28] - page.customHeaders:  - {}
[INFO  - 2016-11-15T07:19:33.242Z] Session [db360160-ab03-11e6-b72f-03b4c72d3c28] - Session.negotiatedCapabilities - {"browserName":"phantomjs","version":"2.1.1","driverName":"ghostdriver","driverVersion":"1.2.0","platform":"mac-10.11 (El Capitan)-64bit","javascriptEnabled":true,"takesScreenshot":true,"handlesAlerts":false,"databaseEnabled":false,"locationContextEnabled":false,"applicationCacheEnabled":false,"browserConnectionEnabled":false,"cssSelectorsEnabled":true,"webStorageEnabled":false,"rotatable":false,"acceptSslCerts":false,"nativeEvents":true,"proxy":{"proxyType":"direct"}}
[INFO  - 2016-11-15T07:19:33.242Z] SessionManagerReqHand - _postNewSessionCommand - New Session Created: db360160-ab03-11e6-b72f-03b4c72d3c28
[ERROR - 2016-11-15T07:19:37.469Z] WebElementLocator - _handleLocateCommand - Element(s) NOT Found: GAVE UP. Search Stop Time: 1479194377424

  phantomjs://platform/console++.js:263 in error
[ERROR - 2016-11-15T07:19:39.060Z] WebElementLocator - _handleLocateCommand - Element(s) NOT Found: GAVE UP. Search Stop Time: 1479194379006

  phantomjs://platform/console++.js:263 in error
[ERROR - 2016-11-15T07:19:40.405Z] WebElementLocator - _handleLocateCommand - Element(s) NOT Found: GAVE UP. Search Stop Time: 1479194380371

  phantomjs://platform/console++.js:263 in error
[ERROR - 2016-11-15T07:19:41.718Z] WebElementLocator - _handleLocateCommand - Element(s) NOT Found: GAVE UP. Search Stop Time: 1479194381687

  phantomjs://platform/console++.js:263 in error
[ERROR - 2016-11-15T07:19:43.049Z] WebElementLocator - _handleLocateCommand - Element(s) NOT Found: GAVE UP. Search Stop Time: 1479194383028

  phantomjs://platform/console++.js:263 in error
[ERROR - 2016-11-15T07:19:44.409Z] WebElementLocator - _handleLocateCommand - Element(s) NOT Found: GAVE UP. Search Stop Time: 1479194384361

  phantomjs://platform/console++.js:263 in error
[ERROR - 2016-11-15T07:19:45.766Z] WebElementLocator - _handleLocateCommand - Element(s) NOT Found: GAVE UP. Search Stop Time: 1479194385728

  phantomjs://platform/console++.js:263 in error
[ERROR - 2016-11-15T07:19:47.115Z] WebElementLocator - _handleLocateCommand - Element(s) NOT Found: GAVE UP. Search Stop Time: 1479194387078

  phantomjs://platform/console++.js:263 in error
[ERROR - 2016-11-15T07:19:48.464Z] WebElementLocator - _handleLocateCommand - Element(s) NOT Found: GAVE UP. Search Stop Time: 1479194388432

  phantomjs://platform/console++.js:263 in error
[ERROR - 2016-11-15T07:19:49.804Z] WebElementLocator - _handleLocateCommand - Element(s) NOT Found: GAVE UP. Search Stop Time: 1479194389770

  phantomjs://platform/console++.js:263 in error
[ERROR - 2016-11-15T07:19:51.177Z] WebElementLocator - _handleLocateCommand - Element(s) NOT Found: GAVE UP. Search Stop Time: 1479194391147

  phantomjs://platform/console++.js:263 in error
[ERROR - 2016-11-15T07:19:52.518Z] WebElementLocator - _handleLocateCommand - Element(s) NOT Found: GAVE UP. Search Stop Time: 1479194392479

  phantomjs://platform/console++.js:263 in error
[ERROR - 2016-11-15T07:19:53.857Z] WebElementLocator - _handleLocateCommand - Element(s) NOT Found: GAVE UP. Search Stop Time: 1479194393824

  phantomjs://platform/console++.js:263 in error
[ERROR - 2016-11-15T07:19:55.250Z] WebElementLocator - _handleLocateCommand - Element(s) NOT Found: GAVE UP. Search Stop Time: 1479194395216

  phantomjs://platform/console++.js:263 in error
[ERROR - 2016-11-15T07:19:56.576Z] WebElementLocator - _handleLocateCommand - Element(s) NOT Found: GAVE UP. Search Stop Time: 1479194396550

  phantomjs://platform/console++.js:263 in error
